<?xml version="1.0" encoding="UTF-8"?>
<!-- Generated by org.testng.reporters.JUnitReportReporter -->
<testsuite skipped="0" hostname="10_0_4_6" name="com.webtest.fujingyi.BackTestDemo" tests="37" failures="0" timestamp="2020-12-14T20:14:55 CST" time="1215.519" errors="0">
  <testcase name="test14" time="31.032" classname="com.webtest.fujingyi.BackTestDemo"/>
  <testcase name="test15" time="30.507" classname="com.webtest.fujingyi.BackTestDemo"/>
  <testcase name="test16" time="30.470" classname="com.webtest.fujingyi.BackTestDemo"/>
  <testcase name="test17" time="28.975" classname="com.webtest.fujingyi.BackTestDemo"/>
  <testcase name="test18" time="29.184" classname="com.webtest.fujingyi.BackTestDemo"/>
  <testcase name="test19" time="30.056" classname="com.webtest.fujingyi.BackTestDemo"/>
  <testcase name="test20" time="29.245" classname="com.webtest.fujingyi.BackTestDemo"/>
  <testcase name="test21" time="29.377" classname="com.webtest.fujingyi.BackTestDemo"/>
  <testcase name="test22" time="29.559" classname="com.webtest.fujingyi.BackTestDemo"/>
  <testcase name="test23" time="26.123" classname="com.webtest.fujingyi.BackTestDemo"/>
  <testcase name="test24" time="35.047" classname="com.webtest.fujingyi.BackTestDemo"/>
  <testcase name="test25" time="29.792" classname="com.webtest.fujingyi.BackTestDemo"/>
  <testcase name="test26" time="29.165" classname="com.webtest.fujingyi.BackTestDemo"/>
  <testcase name="test27" time="24.961" classname="com.webtest.fujingyi.BackTestDemo"/>
  <testcase name="test28" time="31.329" classname="com.webtest.fujingyi.BackTestDemo"/>
  <testcase name="test29" time="35.967" classname="com.webtest.fujingyi.BackTestDemo"/>
  <testcase name="test30" time="32.898" classname="com.webtest.fujingyi.BackTestDemo"/>
  <testcase name="test31" time="30.021" classname="com.webtest.fujingyi.BackTestDemo"/>
  <testcase name="test32" time="29.332" classname="com.webtest.fujingyi.BackTestDemo"/>
  <testcase name="test33" time="39.019" classname="com.webtest.fujingyi.BackTestDemo"/>
  <testcase name="test34" time="29.868" classname="com.webtest.fujingyi.BackTestDemo"/>
  <testcase name="test35" time="37.187" classname="com.webtest.fujingyi.BackTestDemo"/>
  <testcase name="test36" time="18.177" classname="com.webtest.fujingyi.BackTestDemo"/>
  <testcase name="test37" time="55.133" classname="com.webtest.fujingyi.BackTestDemo"/>
  <testcase name="test38" time="32.551" classname="com.webtest.fujingyi.BackTestDemo"/>
  <testcase name="test39" time="29.347" classname="com.webtest.fujingyi.BackTestDemo"/>
  <testcase name="test40" time="29.779" classname="com.webtest.fujingyi.BackTestDemo"/>
  <testcase name="test41" time="32.642" classname="com.webtest.fujingyi.BackTestDemo"/>
  <testcase name="test42" time="37.003" classname="com.webtest.fujingyi.BackTestDemo"/>
  <testcase name="test43" time="38.839" classname="com.webtest.fujingyi.BackTestDemo"/>
  <testcase name="test44" time="26.741" classname="com.webtest.fujingyi.BackTestDemo"/>
  <testcase name="test45" time="44.484" classname="com.webtest.fujingyi.BackTestDemo"/>
  <testcase name="test46" time="36.080" classname="com.webtest.fujingyi.BackTestDemo"/>
  <testcase name="test47" time="29.848" classname="com.webtest.fujingyi.BackTestDemo"/>
  <testcase name="test48" time="44.065" classname="com.webtest.fujingyi.BackTestDemo"/>
  <testcase name="test49" time="44.540" classname="com.webtest.fujingyi.BackTestDemo"/>
  <testcase name="test50" time="37.176" classname="com.webtest.fujingyi.BackTestDemo"/>
</testsuite> <!-- com.webtest.fujingyi.BackTestDemo -->
