<?xml version="1.0" encoding="UTF-8"?>
<!-- Generated by org.testng.reporters.JUnitReportReporter -->
<testsuite skipped="0" hostname="10_0_4_6" name="com.webtest.fujingyi.FrontTestDemo" tests="13" failures="0" timestamp="2020-12-14T20:14:54 CST" time="415.932" errors="0">
  <testcase name="test01" time="27.974" classname="com.webtest.fujingyi.FrontTestDemo"/>
  <testcase name="test01" time="23.180" classname="com.webtest.fujingyi.FrontTestDemo"/>
  <testcase name="test02" time="61.685" classname="com.webtest.fujingyi.FrontTestDemo"/>
  <testcase name="test1" time="29.852" classname="com.webtest.fujingyi.FrontTestDemo"/>
  <testcase name="test2" time="33.073" classname="com.webtest.fujingyi.FrontTestDemo"/>
  <testcase name="test3" time="49.483" classname="com.webtest.fujingyi.FrontTestDemo"/>
  <testcase name="test4" time="32.941" classname="com.webtest.fujingyi.FrontTestDemo"/>
  <testcase name="test5" time="35.234" classname="com.webtest.fujingyi.FrontTestDemo"/>
  <testcase name="test6" time="20.085" classname="com.webtest.fujingyi.FrontTestDemo"/>
  <testcase name="test7" time="19.928" classname="com.webtest.fujingyi.FrontTestDemo"/>
  <testcase name="test9" time="20.881" classname="com.webtest.fujingyi.FrontTestDemo"/>
  <testcase name="test10" time="28.734" classname="com.webtest.fujingyi.FrontTestDemo"/>
  <testcase name="test12" time="32.882" classname="com.webtest.fujingyi.FrontTestDemo"/>
</testsuite> <!-- com.webtest.fujingyi.FrontTestDemo -->
