<?xml version="1.0" encoding="UTF-8"?>
<!-- Generated by org.testng.reporters.JUnitReportReporter -->
<testsuite skipped="0" hostname="10_0_4_6" name="com.webtest.hejia.ExcelTest" tests="30" failures="0" timestamp="2020-12-14T20:14:54 CST" time="674.962" errors="0">
  <testcase name="test03" time="13.078" classname="com.webtest.hejia.ExcelTest"/>
  <testcase name="test02" time="12.922" classname="com.webtest.hejia.ExcelTest"/>
  <testcase name="test01" time="13.434" classname="com.webtest.hejia.ExcelTest"/>
  <testcase name="test1" time="22.828" classname="com.webtest.hejia.ExcelTest"/>
  <testcase name="test2" time="12.440" classname="com.webtest.hejia.ExcelTest"/>
  <testcase name="test3" time="25.281" classname="com.webtest.hejia.ExcelTest"/>
  <testcase name="test4" time="13.578" classname="com.webtest.hejia.ExcelTest"/>
  <testcase name="test5" time="20.032" classname="com.webtest.hejia.ExcelTest"/>
  <testcase name="test6" time="10.546" classname="com.webtest.hejia.ExcelTest"/>
  <testcase name="test7" time="28.532" classname="com.webtest.hejia.ExcelTest"/>
  <testcase name="test8" time="28.391" classname="com.webtest.hejia.ExcelTest"/>
  <testcase name="test9" time="26.891" classname="com.webtest.hejia.ExcelTest"/>
  <testcase name="test10" time="16.438" classname="com.webtest.hejia.ExcelTest"/>
  <testcase name="test11" time="20.191" classname="com.webtest.hejia.ExcelTest"/>
  <testcase name="test12" time="10.575" classname="com.webtest.hejia.ExcelTest"/>
  <testcase name="test13" time="37.797" classname="com.webtest.hejia.ExcelTest"/>
  <testcase name="test14" time="6.282" classname="com.webtest.hejia.ExcelTest"/>
  <testcase name="test15" time="15.501" classname="com.webtest.hejia.ExcelTest"/>
  <testcase name="test16" time="46.469" classname="com.webtest.hejia.ExcelTest"/>
  <testcase name="test17" time="31.907" classname="com.webtest.hejia.ExcelTest"/>
  <testcase name="test18" time="29.594" classname="com.webtest.hejia.ExcelTest"/>
  <testcase name="test19" time="28.766" classname="com.webtest.hejia.ExcelTest"/>
  <testcase name="test20" time="20.312" classname="com.webtest.hejia.ExcelTest"/>
  <testcase name="test21" time="25.360" classname="com.webtest.hejia.ExcelTest"/>
  <testcase name="test22" time="24.657" classname="com.webtest.hejia.ExcelTest"/>
  <testcase name="test23" time="28.876" classname="com.webtest.hejia.ExcelTest"/>
  <testcase name="test24" time="35.876" classname="com.webtest.hejia.ExcelTest"/>
  <testcase name="test25" time="31.844" classname="com.webtest.hejia.ExcelTest"/>
  <testcase name="test26" time="20.204" classname="com.webtest.hejia.ExcelTest"/>
  <testcase name="test27" time="16.360" classname="com.webtest.hejia.ExcelTest"/>
</testsuite> <!-- com.webtest.hejia.ExcelTest -->
