<?xml version="1.0" encoding="UTF-8"?>
<!-- Generated by org.testng.reporters.JUnitReportReporter -->
<testsuite skipped="0" hostname="10_0_4_6" name="com.webtest.lixiaohan.AdminTestDemo" tests="41" failures="0" timestamp="2020-12-14T20:14:54 CST" time="758.512" errors="0">
  <testcase name="test_a1" time="27.686" classname="com.webtest.lixiaohan.AdminTestDemo"/>
  <testcase name="test_d3" time="26.673" classname="com.webtest.lixiaohan.AdminTestDemo"/>
  <testcase name="test_b5" time="16.342" classname="com.webtest.lixiaohan.AdminTestDemo"/>
  <testcase name="test_a8" time="14.719" classname="com.webtest.lixiaohan.AdminTestDemo"/>
  <testcase name="test_b9" time="20.750" classname="com.webtest.lixiaohan.AdminTestDemo"/>
  <testcase name="test_a4" time="12.240" classname="com.webtest.lixiaohan.AdminTestDemo"/>
  <testcase name="test_d1" time="21.188" classname="com.webtest.lixiaohan.AdminTestDemo"/>
  <testcase name="test_b3" time="7.594" classname="com.webtest.lixiaohan.AdminTestDemo"/>
  <testcase name="test_b7" time="20.703" classname="com.webtest.lixiaohan.AdminTestDemo"/>
  <testcase name="test_c9" time="18.983" classname="com.webtest.lixiaohan.AdminTestDemo"/>
  <testcase name="test_b1" time="7.488" classname="com.webtest.lixiaohan.AdminTestDemo"/>
  <testcase name="test_d5" time="17.905" classname="com.webtest.lixiaohan.AdminTestDemo"/>
  <testcase name="test_b8" time="20.626" classname="com.webtest.lixiaohan.AdminTestDemo"/>
  <testcase name="test_d4" time="24.672" classname="com.webtest.lixiaohan.AdminTestDemo"/>
  <testcase name="test_c8" time="22.110" classname="com.webtest.lixiaohan.AdminTestDemo"/>
  <testcase name="test_a7" time="17.969" classname="com.webtest.lixiaohan.AdminTestDemo"/>
  <testcase name="test_e2" time="18.440" classname="com.webtest.lixiaohan.AdminTestDemo"/>
  <testcase name="test_d8" time="23.216" classname="com.webtest.lixiaohan.AdminTestDemo"/>
  <testcase name="test_c1" time="21.266" classname="com.webtest.lixiaohan.AdminTestDemo"/>
  <testcase name="test_c7" time="11.718" classname="com.webtest.lixiaohan.AdminTestDemo"/>
  <testcase name="test_b4" time="22.617" classname="com.webtest.lixiaohan.AdminTestDemo"/>
  <testcase name="test_b2" time="7.484" classname="com.webtest.lixiaohan.AdminTestDemo"/>
  <testcase name="test_e5" time="15.679" classname="com.webtest.lixiaohan.AdminTestDemo"/>
  <testcase name="test_a3" time="9.599" classname="com.webtest.lixiaohan.AdminTestDemo"/>
  <testcase name="test_e3" time="18.343" classname="com.webtest.lixiaohan.AdminTestDemo"/>
  <testcase name="test_c2" time="13.058" classname="com.webtest.lixiaohan.AdminTestDemo"/>
  <testcase name="test_e4" time="23.092" classname="com.webtest.lixiaohan.AdminTestDemo"/>
  <testcase name="test_a5" time="15.648" classname="com.webtest.lixiaohan.AdminTestDemo"/>
  <testcase name="test_a6" time="31.282" classname="com.webtest.lixiaohan.AdminTestDemo"/>
  <testcase name="test_d2" time="21.340" classname="com.webtest.lixiaohan.AdminTestDemo"/>
  <testcase name="test_d6" time="19.163" classname="com.webtest.lixiaohan.AdminTestDemo"/>
  <testcase name="test_c3" time="15.677" classname="com.webtest.lixiaohan.AdminTestDemo"/>
  <testcase name="test_e1" time="32.236" classname="com.webtest.lixiaohan.AdminTestDemo"/>
  <testcase name="test_b6" time="11.324" classname="com.webtest.lixiaohan.AdminTestDemo"/>
  <testcase name="test_c4" time="17.065" classname="com.webtest.lixiaohan.AdminTestDemo"/>
  <testcase name="test_d7" time="23.442" classname="com.webtest.lixiaohan.AdminTestDemo"/>
  <testcase name="test_c6" time="18.911" classname="com.webtest.lixiaohan.AdminTestDemo"/>
  <testcase name="test_a9" time="7.528" classname="com.webtest.lixiaohan.AdminTestDemo"/>
  <testcase name="test_a2" time="9.156" classname="com.webtest.lixiaohan.AdminTestDemo"/>
  <testcase name="test_d9" time="34.553" classname="com.webtest.lixiaohan.AdminTestDemo"/>
  <testcase name="test_c5" time="19.027" classname="com.webtest.lixiaohan.AdminTestDemo"/>
</testsuite> <!-- com.webtest.lixiaohan.AdminTestDemo -->
