<?xml version="1.0" encoding="UTF-8"?>
<!-- Generated by org.testng.reporters.JUnitReportReporter -->
<testsuite skipped="0" hostname="10_0_4_6" name="com.webtest.xieyuxin.ExcelTestBack" tests="13" failures="0" timestamp="2020-12-14T20:14:54 CST" time="378.808" errors="0">
  <testcase name="test21" time="20.282" classname="com.webtest.xieyuxin.ExcelTestBack"/>
  <testcase name="test50" time="25.522" classname="com.webtest.xieyuxin.ExcelTestBack"/>
  <testcase name="test23" time="31.789" classname="com.webtest.xieyuxin.ExcelTestBack"/>
  <testcase name="test47" time="29.063" classname="com.webtest.xieyuxin.ExcelTestBack"/>
  <testcase name="test48" time="25.892" classname="com.webtest.xieyuxin.ExcelTestBack"/>
  <testcase name="test24" time="29.116" classname="com.webtest.xieyuxin.ExcelTestBack"/>
  <testcase name="test49" time="20.443" classname="com.webtest.xieyuxin.ExcelTestBack"/>
  <testcase name="test46" time="23.750" classname="com.webtest.xieyuxin.ExcelTestBack"/>
  <testcase name="test26" time="29.156" classname="com.webtest.xieyuxin.ExcelTestBack"/>
  <testcase name="test19" time="38.096" classname="com.webtest.xieyuxin.ExcelTestBack"/>
  <testcase name="test20" time="36.340" classname="com.webtest.xieyuxin.ExcelTestBack"/>
  <testcase name="test25" time="32.958" classname="com.webtest.xieyuxin.ExcelTestBack"/>
  <testcase name="test22" time="36.401" classname="com.webtest.xieyuxin.ExcelTestBack"/>
</testsuite> <!-- com.webtest.xieyuxin.ExcelTestBack -->
