<?xml version="1.0" encoding="UTF-8"?>
<!-- Generated by org.testng.reporters.JUnitReportReporter -->
<testsuite skipped="0" hostname="10_0_4_6" name="com.webtest.xieyuxin.ExcelTestFront" tests="1" failures="0" timestamp="2020-12-14T08:17:05 CST" time="13.971" errors="0">
  <testcase name="test10" time="13.971" classname="com.webtest.xieyuxin.ExcelTestFront"/>
</testsuite> <!-- com.webtest.xieyuxin.ExcelTestFront -->
