<?xml version="1.0" encoding="UTF-8"?>
<!-- Generated by org.testng.reporters.JUnitReportReporter -->
<testsuite skipped="0" hostname="10_0_4_6" name="com.webtest.fujingyi.BackTestDemo" tests="37" failures="0" timestamp="2020-12-12T15:36:25 CST" time="1228.903" errors="0">
  <testcase name="test14" time="31.726" classname="com.webtest.fujingyi.BackTestDemo"/>
  <testcase name="test15" time="29.178" classname="com.webtest.fujingyi.BackTestDemo"/>
  <testcase name="test16" time="31.332" classname="com.webtest.fujingyi.BackTestDemo"/>
  <testcase name="test17" time="29.474" classname="com.webtest.fujingyi.BackTestDemo"/>
  <testcase name="test18" time="29.236" classname="com.webtest.fujingyi.BackTestDemo"/>
  <testcase name="test19" time="29.270" classname="com.webtest.fujingyi.BackTestDemo"/>
  <testcase name="test20" time="29.326" classname="com.webtest.fujingyi.BackTestDemo"/>
  <testcase name="test21" time="29.577" classname="com.webtest.fujingyi.BackTestDemo"/>
  <testcase name="test22" time="29.881" classname="com.webtest.fujingyi.BackTestDemo"/>
  <testcase name="test23" time="26.002" classname="com.webtest.fujingyi.BackTestDemo"/>
  <testcase name="test24" time="32.801" classname="com.webtest.fujingyi.BackTestDemo"/>
  <testcase name="test25" time="29.822" classname="com.webtest.fujingyi.BackTestDemo"/>
  <testcase name="test26" time="29.702" classname="com.webtest.fujingyi.BackTestDemo"/>
  <testcase name="test27" time="24.696" classname="com.webtest.fujingyi.BackTestDemo"/>
  <testcase name="test28" time="30.926" classname="com.webtest.fujingyi.BackTestDemo"/>
  <testcase name="test29" time="35.765" classname="com.webtest.fujingyi.BackTestDemo"/>
  <testcase name="test30" time="32.818" classname="com.webtest.fujingyi.BackTestDemo"/>
  <testcase name="test31" time="35.920" classname="com.webtest.fujingyi.BackTestDemo"/>
  <testcase name="test32" time="29.685" classname="com.webtest.fujingyi.BackTestDemo"/>
  <testcase name="test33" time="38.925" classname="com.webtest.fujingyi.BackTestDemo"/>
  <testcase name="test34" time="36.437" classname="com.webtest.fujingyi.BackTestDemo"/>
  <testcase name="test35" time="35.580" classname="com.webtest.fujingyi.BackTestDemo"/>
  <testcase name="test36" time="18.871" classname="com.webtest.fujingyi.BackTestDemo"/>
  <testcase name="test37" time="55.604" classname="com.webtest.fujingyi.BackTestDemo"/>
  <testcase name="test38" time="32.796" classname="com.webtest.fujingyi.BackTestDemo"/>
  <testcase name="test39" time="29.409" classname="com.webtest.fujingyi.BackTestDemo"/>
  <testcase name="test40" time="29.406" classname="com.webtest.fujingyi.BackTestDemo"/>
  <testcase name="test41" time="32.243" classname="com.webtest.fujingyi.BackTestDemo"/>
  <testcase name="test42" time="39.586" classname="com.webtest.fujingyi.BackTestDemo"/>
  <testcase name="test43" time="42.053" classname="com.webtest.fujingyi.BackTestDemo"/>
  <testcase name="test44" time="26.140" classname="com.webtest.fujingyi.BackTestDemo"/>
  <testcase name="test45" time="42.714" classname="com.webtest.fujingyi.BackTestDemo"/>
  <testcase name="test46" time="35.747" classname="com.webtest.fujingyi.BackTestDemo"/>
  <testcase name="test47" time="31.754" classname="com.webtest.fujingyi.BackTestDemo"/>
  <testcase name="test48" time="42.457" classname="com.webtest.fujingyi.BackTestDemo"/>
  <testcase name="test49" time="43.527" classname="com.webtest.fujingyi.BackTestDemo"/>
  <testcase name="test50" time="38.517" classname="com.webtest.fujingyi.BackTestDemo"/>
</testsuite> <!-- com.webtest.fujingyi.BackTestDemo -->
