<?xml version="1.0" encoding="UTF-8"?>
<!-- Generated by org.testng.reporters.JUnitReportReporter -->
<testsuite skipped="0" hostname="10_0_4_6" name="com.webtest.hejia.ExcelTest" tests="30" failures="0" timestamp="2020-12-12T15:36:25 CST" time="672.023" errors="0">
  <testcase name="test01" time="15.474" classname="com.webtest.hejia.ExcelTest"/>
  <testcase name="test03" time="12.989" classname="com.webtest.hejia.ExcelTest"/>
  <testcase name="test02" time="12.946" classname="com.webtest.hejia.ExcelTest"/>
  <testcase name="test1" time="22.885" classname="com.webtest.hejia.ExcelTest"/>
  <testcase name="test2" time="12.410" classname="com.webtest.hejia.ExcelTest"/>
  <testcase name="test3" time="25.778" classname="com.webtest.hejia.ExcelTest"/>
  <testcase name="test4" time="7.271" classname="com.webtest.hejia.ExcelTest"/>
  <testcase name="test5" time="20.174" classname="com.webtest.hejia.ExcelTest"/>
  <testcase name="test6" time="10.526" classname="com.webtest.hejia.ExcelTest"/>
  <testcase name="test7" time="28.540" classname="com.webtest.hejia.ExcelTest"/>
  <testcase name="test8" time="28.316" classname="com.webtest.hejia.ExcelTest"/>
  <testcase name="test9" time="26.824" classname="com.webtest.hejia.ExcelTest"/>
  <testcase name="test10" time="16.457" classname="com.webtest.hejia.ExcelTest"/>
  <testcase name="test11" time="20.127" classname="com.webtest.hejia.ExcelTest"/>
  <testcase name="test12" time="10.566" classname="com.webtest.hejia.ExcelTest"/>
  <testcase name="test13" time="38.607" classname="com.webtest.hejia.ExcelTest"/>
  <testcase name="test14" time="6.263" classname="com.webtest.hejia.ExcelTest"/>
  <testcase name="test15" time="15.406" classname="com.webtest.hejia.ExcelTest"/>
  <testcase name="test16" time="46.459" classname="com.webtest.hejia.ExcelTest"/>
  <testcase name="test17" time="31.884" classname="com.webtest.hejia.ExcelTest"/>
  <testcase name="test18" time="29.608" classname="com.webtest.hejia.ExcelTest"/>
  <testcase name="test19" time="28.586" classname="com.webtest.hejia.ExcelTest"/>
  <testcase name="test20" time="20.293" classname="com.webtest.hejia.ExcelTest"/>
  <testcase name="test21" time="25.364" classname="com.webtest.hejia.ExcelTest"/>
  <testcase name="test22" time="24.694" classname="com.webtest.hejia.ExcelTest"/>
  <testcase name="test23" time="28.855" classname="com.webtest.hejia.ExcelTest"/>
  <testcase name="test24" time="35.847" classname="com.webtest.hejia.ExcelTest"/>
  <testcase name="test25" time="32.203" classname="com.webtest.hejia.ExcelTest"/>
  <testcase name="test26" time="20.291" classname="com.webtest.hejia.ExcelTest"/>
  <testcase name="test27" time="16.380" classname="com.webtest.hejia.ExcelTest"/>
</testsuite> <!-- com.webtest.hejia.ExcelTest -->
