<?xml version="1.0" encoding="UTF-8"?>
<!-- Generated by org.testng.reporters.JUnitReportReporter -->
<testsuite skipped="0" hostname="LAPTOP-IOL45HKI" name="com.webtest.demo.TestDemo1" tests="1" failures="0" timestamp="21 十一月 2020 11:01:11 GMT" time="5.637" errors="0">
  <testcase name="test" time="5.637" classname="com.webtest.demo.TestDemo1"/>
</testsuite> <!-- com.webtest.demo.TestDemo1 -->
