<?xml version="1.0" encoding="UTF-8"?>
<!-- Generated by org.testng.reporters.JUnitReportReporter -->
<testsuite skipped="0" hostname="10_0_4_6" name="com.webtest.lixiaohan.FrontTestDemo" tests="9" failures="0" timestamp="2020-12-12T15:36:25 CST" time="120.496" errors="0">
  <testcase name="test01" time="19.521" classname="com.webtest.lixiaohan.FrontTestDemo"/>
  <testcase name="test1" time="10.259" classname="com.webtest.lixiaohan.FrontTestDemo"/>
  <testcase name="test6" time="8.132" classname="com.webtest.lixiaohan.FrontTestDemo"/>
  <testcase name="test5" time="8.252" classname="com.webtest.lixiaohan.FrontTestDemo"/>
  <testcase name="test4" time="17.602" classname="com.webtest.lixiaohan.FrontTestDemo"/>
  <testcase name="test8" time="17.076" classname="com.webtest.lixiaohan.FrontTestDemo"/>
  <testcase name="test3" time="12.734" classname="com.webtest.lixiaohan.FrontTestDemo"/>
  <testcase name="test7" time="17.192" classname="com.webtest.lixiaohan.FrontTestDemo"/>
  <testcase name="test2" time="9.728" classname="com.webtest.lixiaohan.FrontTestDemo"/>
</testsuite> <!-- com.webtest.lixiaohan.FrontTestDemo -->
