<?xml version="1.0" encoding="UTF-8"?>
<!-- Generated by org.testng.reporters.JUnitReportReporter -->
<testsuite skipped="0" hostname="10_0_4_6" name="com.webtest.fujingyi.FrontTestDemo" tests="13" failures="0" timestamp="2020-12-12T15:36:25 CST" time="329.394" errors="0">
  <testcase name="test01" time="20.021" classname="com.webtest.fujingyi.FrontTestDemo"/>
  <testcase name="test01" time="31.052" classname="com.webtest.fujingyi.FrontTestDemo"/>
  <testcase name="test02" time="56.452" classname="com.webtest.fujingyi.FrontTestDemo"/>
  <testcase name="test1" time="23.659" classname="com.webtest.fujingyi.FrontTestDemo"/>
  <testcase name="test2" time="22.342" classname="com.webtest.fujingyi.FrontTestDemo"/>
  <testcase name="test3" time="24.135" classname="com.webtest.fujingyi.FrontTestDemo"/>
  <testcase name="test4" time="21.540" classname="com.webtest.fujingyi.FrontTestDemo"/>
  <testcase name="test5" time="20.762" classname="com.webtest.fujingyi.FrontTestDemo"/>
  <testcase name="test6" time="14.218" classname="com.webtest.fujingyi.FrontTestDemo"/>
  <testcase name="test7" time="24.837" classname="com.webtest.fujingyi.FrontTestDemo"/>
  <testcase name="test9" time="22.867" classname="com.webtest.fujingyi.FrontTestDemo"/>
  <testcase name="test10" time="22.674" classname="com.webtest.fujingyi.FrontTestDemo"/>
  <testcase name="test12" time="24.835" classname="com.webtest.fujingyi.FrontTestDemo"/>
</testsuite> <!-- com.webtest.fujingyi.FrontTestDemo -->
