<?xml version="1.0" encoding="UTF-8"?>
<!-- Generated by org.testng.reporters.JUnitReportReporter -->
<testsuite skipped="0" hostname="LAPTOP-IOL45HKI" name="com.webtest.demo.Login_admin" tests="1" failures="0" timestamp="19 十一月 2020 03:43:25 GMT" time="2.325" errors="0">
  <testcase name="testLogin_admin" time="2.325" classname="com.webtest.demo.Login_admin"/>
</testsuite> <!-- com.webtest.demo.Login_admin -->
