<?xml version="1.0" encoding="UTF-8"?>
<!-- Generated by org.testng.reporters.JUnitReportReporter -->
<testsuite skipped="0" hostname="10_0_4_6" name="com.webtest.hejia.ExcelFrontTest" tests="20" failures="0" timestamp="2020-12-12T15:36:25 CST" time="311.106" errors="0">
  <testcase name="test31" time="22.619" classname="com.webtest.hejia.ExcelFrontTest"/>
  <testcase name="test32" time="8.958" classname="com.webtest.hejia.ExcelFrontTest"/>
  <testcase name="test33" time="9.035" classname="com.webtest.hejia.ExcelFrontTest"/>
  <testcase name="test34" time="8.990" classname="com.webtest.hejia.ExcelFrontTest"/>
  <testcase name="test35" time="22.173" classname="com.webtest.hejia.ExcelFrontTest"/>
  <testcase name="test36" time="21.296" classname="com.webtest.hejia.ExcelFrontTest"/>
  <testcase name="test37" time="48.158" classname="com.webtest.hejia.ExcelFrontTest"/>
  <testcase name="test38" time="15.876" classname="com.webtest.hejia.ExcelFrontTest"/>
  <testcase name="test39" time="9.016" classname="com.webtest.hejia.ExcelFrontTest"/>
  <testcase name="test40" time="17.813" classname="com.webtest.hejia.ExcelFrontTest"/>
  <testcase name="test41" time="31.447" classname="com.webtest.hejia.ExcelFrontTest"/>
  <testcase name="test42" time="26.394" classname="com.webtest.hejia.ExcelFrontTest"/>
  <testcase name="test43" time="10.060" classname="com.webtest.hejia.ExcelFrontTest"/>
  <testcase name="test44" time="8.619" classname="com.webtest.hejia.ExcelFrontTest"/>
  <testcase name="test45" time="17.986" classname="com.webtest.hejia.ExcelFrontTest"/>
  <testcase name="test46" time="4.388" classname="com.webtest.hejia.ExcelFrontTest"/>
  <testcase name="test47" time="4.456" classname="com.webtest.hejia.ExcelFrontTest"/>
  <testcase name="test48" time="4.621" classname="com.webtest.hejia.ExcelFrontTest"/>
  <testcase name="test49" time="4.398" classname="com.webtest.hejia.ExcelFrontTest"/>
  <testcase name="test50" time="14.803" classname="com.webtest.hejia.ExcelFrontTest"/>
</testsuite> <!-- com.webtest.hejia.ExcelFrontTest -->
