<?xml version="1.0" encoding="UTF-8"?>
<!-- Generated by org.testng.reporters.JUnitReportReporter -->
<testsuite skipped="0" hostname="10_0_4_6" name="com.webtest.lixiaohan.AdminTestDemo" tests="41" failures="0" timestamp="2020-12-12T15:36:25 CST" time="739.088" errors="0">
  <testcase name="test_a9" time="7.465" classname="com.webtest.lixiaohan.AdminTestDemo"/>
  <testcase name="test_b3" time="7.432" classname="com.webtest.lixiaohan.AdminTestDemo"/>
  <testcase name="test_c5" time="18.975" classname="com.webtest.lixiaohan.AdminTestDemo"/>
  <testcase name="test_a5" time="15.714" classname="com.webtest.lixiaohan.AdminTestDemo"/>
  <testcase name="test_b9" time="20.777" classname="com.webtest.lixiaohan.AdminTestDemo"/>
  <testcase name="test_c1" time="20.813" classname="com.webtest.lixiaohan.AdminTestDemo"/>
  <testcase name="test_a3" time="9.505" classname="com.webtest.lixiaohan.AdminTestDemo"/>
  <testcase name="test_b6" time="11.288" classname="com.webtest.lixiaohan.AdminTestDemo"/>
  <testcase name="test_d2" time="19.668" classname="com.webtest.lixiaohan.AdminTestDemo"/>
  <testcase name="test_e2" time="17.782" classname="com.webtest.lixiaohan.AdminTestDemo"/>
  <testcase name="test_a6" time="31.239" classname="com.webtest.lixiaohan.AdminTestDemo"/>
  <testcase name="test_d1" time="22.022" classname="com.webtest.lixiaohan.AdminTestDemo"/>
  <testcase name="test_d8" time="22.860" classname="com.webtest.lixiaohan.AdminTestDemo"/>
  <testcase name="test_d6" time="19.121" classname="com.webtest.lixiaohan.AdminTestDemo"/>
  <testcase name="test_a2" time="15.427" classname="com.webtest.lixiaohan.AdminTestDemo"/>
  <testcase name="test_a7" time="17.990" classname="com.webtest.lixiaohan.AdminTestDemo"/>
  <testcase name="test_e4" time="23.214" classname="com.webtest.lixiaohan.AdminTestDemo"/>
  <testcase name="test_d3" time="24.801" classname="com.webtest.lixiaohan.AdminTestDemo"/>
  <testcase name="test_a8" time="14.764" classname="com.webtest.lixiaohan.AdminTestDemo"/>
  <testcase name="test_c6" time="18.920" classname="com.webtest.lixiaohan.AdminTestDemo"/>
  <testcase name="test_c8" time="20.014" classname="com.webtest.lixiaohan.AdminTestDemo"/>
  <testcase name="test_b8" time="20.865" classname="com.webtest.lixiaohan.AdminTestDemo"/>
  <testcase name="test_d5" time="17.883" classname="com.webtest.lixiaohan.AdminTestDemo"/>
  <testcase name="test_b2" time="7.440" classname="com.webtest.lixiaohan.AdminTestDemo"/>
  <testcase name="test_e5" time="15.687" classname="com.webtest.lixiaohan.AdminTestDemo"/>
  <testcase name="test_c3" time="15.691" classname="com.webtest.lixiaohan.AdminTestDemo"/>
  <testcase name="test_b5" time="16.459" classname="com.webtest.lixiaohan.AdminTestDemo"/>
  <testcase name="test_d9" time="25.467" classname="com.webtest.lixiaohan.AdminTestDemo"/>
  <testcase name="test_c2" time="13.156" classname="com.webtest.lixiaohan.AdminTestDemo"/>
  <testcase name="test_a4" time="12.309" classname="com.webtest.lixiaohan.AdminTestDemo"/>
  <testcase name="test_b7" time="20.664" classname="com.webtest.lixiaohan.AdminTestDemo"/>
  <testcase name="test_b1" time="7.438" classname="com.webtest.lixiaohan.AdminTestDemo"/>
  <testcase name="test_d7" time="22.707" classname="com.webtest.lixiaohan.AdminTestDemo"/>
  <testcase name="test_e1" time="25.241" classname="com.webtest.lixiaohan.AdminTestDemo"/>
  <testcase name="test_a1" time="27.668" classname="com.webtest.lixiaohan.AdminTestDemo"/>
  <testcase name="test_b4" time="22.539" classname="com.webtest.lixiaohan.AdminTestDemo"/>
  <testcase name="test_c9" time="16.754" classname="com.webtest.lixiaohan.AdminTestDemo"/>
  <testcase name="test_c7" time="11.668" classname="com.webtest.lixiaohan.AdminTestDemo"/>
  <testcase name="test_c4" time="16.988" classname="com.webtest.lixiaohan.AdminTestDemo"/>
  <testcase name="test_d4" time="24.706" classname="com.webtest.lixiaohan.AdminTestDemo"/>
  <testcase name="test_e3" time="17.967" classname="com.webtest.lixiaohan.AdminTestDemo"/>
</testsuite> <!-- com.webtest.lixiaohan.AdminTestDemo -->
