<?xml version="1.0" encoding="UTF-8"?>
<!-- Generated by org.testng.reporters.JUnitReportReporter -->
<testsuite skipped="0" hostname="10_0_4_6" name="com.webtest.xieyuxin.ExcelTestBack" tests="13" failures="0" timestamp="2020-12-12T15:36:25 CST" time="389.860" errors="0">
  <testcase name="test23" time="32.187" classname="com.webtest.xieyuxin.ExcelTestBack"/>
  <testcase name="test25" time="29.608" classname="com.webtest.xieyuxin.ExcelTestBack"/>
  <testcase name="test20" time="38.029" classname="com.webtest.xieyuxin.ExcelTestBack"/>
  <testcase name="test48" time="25.811" classname="com.webtest.xieyuxin.ExcelTestBack"/>
  <testcase name="test21" time="20.385" classname="com.webtest.xieyuxin.ExcelTestBack"/>
  <testcase name="test26" time="31.970" classname="com.webtest.xieyuxin.ExcelTestBack"/>
  <testcase name="test49" time="20.520" classname="com.webtest.xieyuxin.ExcelTestBack"/>
  <testcase name="test47" time="30.185" classname="com.webtest.xieyuxin.ExcelTestBack"/>
  <testcase name="test46" time="23.832" classname="com.webtest.xieyuxin.ExcelTestBack"/>
  <testcase name="test19" time="39.331" classname="com.webtest.xieyuxin.ExcelTestBack"/>
  <testcase name="test24" time="31.541" classname="com.webtest.xieyuxin.ExcelTestBack"/>
  <testcase name="test50" time="27.757" classname="com.webtest.xieyuxin.ExcelTestBack"/>
  <testcase name="test22" time="38.704" classname="com.webtest.xieyuxin.ExcelTestBack"/>
</testsuite> <!-- com.webtest.xieyuxin.ExcelTestBack -->
