<?xml version="1.0" encoding="UTF-8"?>
<!-- Generated by org.testng.reporters.JUnitReportReporter -->
<testsuite skipped="0" hostname="LAPTOP-IOL45HKI" name="com.webtest.demo.TestDemo" tests="1" failures="0" timestamp="25 十一月 2020 12:00:53 GMT" time="40.589" errors="0">
  <testcase name="test13" time="40.589" classname="com.webtest.demo.TestDemo"/>
</testsuite> <!-- com.webtest.demo.TestDemo -->
